[0.105s] DEBUG:colcon:Command line arguments: ['/usr/bin/colcon', 'build', '--packages-select', 'custom_interfaces', '--merge-install']
[0.105s] DEBUG:colcon:Parsed command line arguments: Namespace(log_base=None, log_level=None, verb_name='build', build_base='build', install_base='install', merge_install=True, symlink_install=False, test_result_base=None, continue_on_error=False, executor='parallel', parallel_workers=4, event_handlers=None, ignore_user_meta=False, metas=['./colcon.meta'], base_paths=['.'], packages_ignore=None, packages_ignore_regex=None, paths=None, packages_up_to=None, packages_up_to_regex=None, packages_above=None, packages_above_and_dependencies=None, packages_above_depth=None, packages_select_by_dep=None, packages_skip_by_dep=None, packages_skip_up_to=None, packages_select_build_failed=False, packages_skip_build_finished=False, packages_select_test_failures=False, packages_skip_test_passed=False, packages_select=['custom_interfaces'], packages_skip=None, packages_select_regex=None, packages_skip_regex=None, packages_start=None, packages_end=None, cmake_args=None, cmake_target=None, cmake_target_skip_unavailable=False, cmake_clean_cache=False, cmake_clean_first=False, cmake_force_configure=False, ament_cmake_args=None, catkin_cmake_args=None, catkin_skip_building_tests=False, verb_parser=<colcon_defaults.argument_parser.defaults.DefaultArgumentsDecorator object at 0x74bb637cf310>, verb_extension=<colcon_core.verb.build.BuildVerb object at 0x74bb637ce4d0>, main=<bound method BuildVerb.main of <colcon_core.verb.build.BuildVerb object at 0x74bb637ce4d0>>)
[0.262s] Level 1:colcon.colcon_core.package_discovery:discover_packages(colcon_meta) check parameters
[0.262s] Level 1:colcon.colcon_core.package_discovery:discover_packages(recursive) check parameters
[0.262s] Level 1:colcon.colcon_core.package_discovery:discover_packages(ignore) check parameters
[0.262s] Level 1:colcon.colcon_core.package_discovery:discover_packages(path) check parameters
[0.262s] Level 1:colcon.colcon_core.package_discovery:discover_packages(colcon_meta) discover
[0.262s] Level 1:colcon.colcon_core.package_discovery:discover_packages(recursive) discover
[0.262s] INFO:colcon.colcon_core.package_discovery:Crawling recursively for packages in '/workspaces/sailbot_workspace/src/network_systems'
[0.262s] Level 1:colcon.colcon_core.package_identification:_identify(.) by extensions ['ignore', 'ignore_ament_install']
[0.262s] Level 1:colcon.colcon_core.package_identification:_identify(.) by extension 'ignore'
[0.263s] Level 1:colcon.colcon_core.package_identification:_identify(.) by extension 'ignore_ament_install'
[0.263s] Level 1:colcon.colcon_core.package_identification:_identify(.) by extensions ['colcon_pkg']
[0.263s] Level 1:colcon.colcon_core.package_identification:_identify(.) by extension 'colcon_pkg'
[0.263s] Level 1:colcon.colcon_core.package_identification:_identify(.) by extensions ['colcon_meta']
[0.263s] Level 1:colcon.colcon_core.package_identification:_identify(.) by extension 'colcon_meta'
[0.263s] Level 1:colcon.colcon_core.package_identification:_identify(.) by extensions ['ros']
[0.263s] Level 1:colcon.colcon_core.package_identification:_identify(.) by extension 'ros'
[0.276s] DEBUG:colcon.colcon_core.package_identification:Package '.' with type 'ros.ament_cmake' and name 'network_systems'
[0.276s] Level 1:colcon.colcon_core.package_discovery:discover_packages(recursive) using defaults
[0.276s] Level 1:colcon.colcon_core.package_discovery:discover_packages(ignore) discover
[0.276s] Level 1:colcon.colcon_core.package_discovery:discover_packages(ignore) using defaults
[0.276s] Level 1:colcon.colcon_core.package_discovery:discover_packages(path) discover
[0.276s] Level 1:colcon.colcon_core.package_discovery:discover_packages(path) using defaults
[0.276s] WARNING:colcon.colcon_core.package_selection:ignoring unknown package 'custom_interfaces' in --packages-select
[0.304s] INFO:colcon.colcon_core.package_selection:Skipping not selected package 'network_systems' in '.'
[0.305s] INFO:colcon.colcon_core.executor:Executing jobs using 'parallel' executor
[0.306s] DEBUG:colcon.colcon_parallel_executor.executor.parallel:run_until_complete
[0.306s] DEBUG:colcon.colcon_parallel_executor.executor.parallel:closing loop
[0.306s] DEBUG:colcon.colcon_parallel_executor.executor.parallel:loop closed
[0.306s] DEBUG:colcon.colcon_parallel_executor.executor.parallel:run_until_complete finished with '0'
[0.306s] DEBUG:colcon.colcon_core.event_reactor:joining thread
[0.312s] INFO:colcon.colcon_core.plugin_system:Skipping extension 'colcon_notification.desktop_notification.notify_send': Could not find 'notify-send'
[0.312s] INFO:colcon.colcon_core.plugin_system:Skipping extension 'colcon_notification.desktop_notification.terminal_notifier': Not used on non-Darwin systems
[0.312s] INFO:colcon.colcon_core.plugin_system:Skipping extension 'colcon_notification.desktop_notification.win32': Not used on non-Windows systems
[0.312s] INFO:colcon.colcon_notification.desktop_notification:Sending desktop notification using 'notify2'
[0.312s] DEBUG:colcon.colcon_notification.desktop_notification.notify2:Failed to initialize notify2: org.freedesktop.DBus.Error.NotSupported: Unable to autolaunch a dbus-daemon without a $DISPLAY for X11
[0.312s] DEBUG:colcon.colcon_core.event_reactor:joined thread
[0.315s] INFO:colcon.colcon_core.plugin_system:Skipping extension 'colcon_core.shell.bat': Not used on non-Windows systems
[0.315s] INFO:colcon.colcon_core.shell:Creating prefix script '/workspaces/sailbot_workspace/src/network_systems/install/local_setup.ps1'
[0.316s] INFO:colcon.colcon_core.shell:Creating prefix util module '/workspaces/sailbot_workspace/src/network_systems/install/_local_setup_util_ps1.py'
[0.318s] INFO:colcon.colcon_core.shell:Creating prefix chain script '/workspaces/sailbot_workspace/src/network_systems/install/setup.ps1'
[0.320s] INFO:colcon.colcon_core.shell:Creating prefix script '/workspaces/sailbot_workspace/src/network_systems/install/local_setup.sh'
[0.321s] INFO:colcon.colcon_core.shell:Creating prefix util module '/workspaces/sailbot_workspace/src/network_systems/install/_local_setup_util_sh.py'
[0.322s] INFO:colcon.colcon_core.shell:Creating prefix chain script '/workspaces/sailbot_workspace/src/network_systems/install/setup.sh'
[0.323s] INFO:colcon.colcon_core.shell:Creating prefix script '/workspaces/sailbot_workspace/src/network_systems/install/local_setup.bash'
[0.323s] INFO:colcon.colcon_core.shell:Creating prefix chain script '/workspaces/sailbot_workspace/src/network_systems/install/setup.bash'
[0.325s] INFO:colcon.colcon_core.shell:Creating prefix script '/workspaces/sailbot_workspace/src/network_systems/install/local_setup.zsh'
[0.325s] INFO:colcon.colcon_core.shell:Creating prefix chain script '/workspaces/sailbot_workspace/src/network_systems/install/setup.zsh'
